\BOOKMARK [1][-]{section.1}{Introduction}{}% 1
\BOOKMARK [2][-]{subsection.1.1}{Purpose}{section.1}% 2
\BOOKMARK [2][-]{subsection.1.2}{Scope}{section.1}% 3
\BOOKMARK [3][-]{subsubsection.1.2.1}{Current System}{subsection.1.2}% 4
\BOOKMARK [3][-]{subsubsection.1.2.2}{Goals}{subsection.1.2}% 5
\BOOKMARK [2][-]{subsection.1.3}{Definitions, Acronyms, Abbreviations}{section.1}% 6
\BOOKMARK [3][-]{subsubsection.1.3.1}{Definitions}{subsection.1.3}% 7
\BOOKMARK [3][-]{subsubsection.1.3.2}{Acronyms}{subsection.1.3}% 8
\BOOKMARK [3][-]{subsubsection.1.3.3}{Abbreviations}{subsection.1.3}% 9
\BOOKMARK [2][-]{subsection.1.4}{Revision History}{section.1}% 10
\BOOKMARK [2][-]{subsection.1.5}{Reference History}{section.1}% 11
\BOOKMARK [2][-]{subsection.1.6}{Document Structure}{section.1}% 12
\BOOKMARK [1][-]{section.2}{Overall Description}{}% 13
\BOOKMARK [2][-]{subsection.2.1}{Product Perspective}{section.2}% 14
\BOOKMARK [3][-]{subsubsection.2.1.1}{Scenarios}{subsection.2.1}% 15
\BOOKMARK [2][-]{subsection.2.2}{Product Functions}{section.2}% 16
\BOOKMARK [3][-]{subsubsection.2.2.1}{Manager functions}{subsection.2.2}% 17
\BOOKMARK [3][-]{subsubsection.2.2.2}{Customer functions}{subsection.2.2}% 18
\BOOKMARK [2][-]{subsection.2.3}{User Characteristics}{section.2}% 19
\BOOKMARK [2][-]{subsection.2.4}{Assumptions, Dependencies, and Constraints}{section.2}% 20
\BOOKMARK [1][-]{section.3}{Specific Requirements}{}% 21
\BOOKMARK [2][-]{subsection.3.1}{External Interface Requirements}{section.3}% 22
\BOOKMARK [3][-]{subsubsection.3.1.1}{User Interfaces}{subsection.3.1}% 23
\BOOKMARK [3][-]{subsubsection.3.1.2}{Hardware Interfaces}{subsection.3.1}% 24
\BOOKMARK [3][-]{subsubsection.3.1.3}{Software Interfaces}{subsection.3.1}% 25
\BOOKMARK [3][-]{subsubsection.3.1.4}{Communication Interfaces}{subsection.3.1}% 26
\BOOKMARK [2][-]{subsection.3.2}{Functional Requirements}{section.3}% 27
\BOOKMARK [2][-]{subsection.3.3}{Performance Requirements}{section.3}% 28
\BOOKMARK [2][-]{subsection.3.4}{Design Constraints}{section.3}% 29
\BOOKMARK [3][-]{subsubsection.3.4.1}{Standards Compliance}{subsection.3.4}% 30
\BOOKMARK [3][-]{subsubsection.3.4.2}{Hardware Limitations}{subsection.3.4}% 31
\BOOKMARK [3][-]{subsubsection.3.4.3}{Any Other Constraint}{subsection.3.4}% 32
\BOOKMARK [2][-]{subsection.3.5}{Software System Attributes}{section.3}% 33
\BOOKMARK [3][-]{subsubsection.3.5.1}{Reliability}{subsection.3.5}% 34
\BOOKMARK [3][-]{subsubsection.3.5.2}{Availability}{subsection.3.5}% 35
\BOOKMARK [3][-]{subsubsection.3.5.3}{Security}{subsection.3.5}% 36
\BOOKMARK [3][-]{subsubsection.3.5.4}{Maintainability}{subsection.3.5}% 37
\BOOKMARK [3][-]{subsubsection.3.5.5}{Portability}{subsection.3.5}% 38
